#
# There is insufficient memory for the Java Runtime Environment to continue.
# Native memory allocation (mmap) failed to map 264241152 bytes for G1 virtual space
# Possible reasons:
#   The system is out of physical RAM or swap space
#   The process is running with CompressedOops enabled, and the Java Heap may be blocking the growth of the native heap
# Possible solutions:
#   Reduce memory load on the system
#   Increase physical memory or swap space
#   Check if swap backing store is full
#   Decrease Java heap size (-Xmx/-Xms)
#   Decrease number of Java threads
#   Decrease Java thread stack sizes (-Xss)
#   Set larger code cache with -XX:ReservedCodeCacheSize=
#   JVM is running with Zero Based Compressed Oops mode in which the Java heap is
#     placed in the first 32GB address space. The Java Heap base address is the
#     maximum limit for the native heap growth. Please use -XX:HeapBaseMinAddress
#     to set the Java Heap base and to place the Java Heap above 32GB virtual address.
# This output file may be truncated or incomplete.
#
#  Out of Memory Error (os_windows.cpp:3541), pid=45000, tid=40244
#
# JRE version:  (17.0.4+8) (build )
# Java VM: OpenJDK 64-Bit Server VM (17.0.4+8, mixed mode, sharing, tiered, compressed oops, compressed class ptrs, g1 gc, windows-amd64)
# No core dump will be written. Minidumps are not enabled by default on client versions of Windows
#

---------------  S U M M A R Y ------------

Command Line: -Dfile.encoding=UTF-8 -XX:+ShowCodeDetailsInExceptionMessages Main

Host: 11th Gen Intel(R) Core(TM) i7-1165G7 @ 2.80GHz, 8 cores, 15G,  Windows 11 , 64 bit Build 22621 (10.0.22621.2506)
Time: Sat Jan  6 22:18:42 2024 West Bank Gaza Standard Time elapsed time: 0.011516 seconds (0d 0h 0m 0s)

---------------  T H R E A D  ---------------

Current thread (0x0000016a1a62a700):  JavaThread "Unknown thread" [_thread_in_vm, id=40244, stack(0x00000018d4700000,0x00000018d4800000)]

Stack: [0x00000018d4700000,0x00000018d4800000]
Native frames: (J=compiled Java code, j=interpreted, Vv=VM code, C=native code)
V  [jvm.dll+0x67733a]
V  [jvm.dll+0x8323c4]
V  [jvm.dll+0x833b6e]
V  [jvm.dll+0x8341d3]
V  [jvm.dll+0x2455e5]
V  [jvm.dll+0x674229]
V  [jvm.dll+0x668ab2]
V  [jvm.dll+0x30458b]
V  [jvm.dll+0x30bad6]
V  [jvm.dll+0x35ba7e]
V  [jvm.dll+0x35bcaf]
V  [jvm.dll+0x2db428]
V  [jvm.dll+0x2dc394]
V  [jvm.dll+0x803ef1]
V  [jvm.dll+0x3698d1]
V  [jvm.dll+0x7e320c]
V  [jvm.dll+0x3ec23f]
V  [jvm.dll+0x3eddc1]
C  [jli.dll+0x5277]
C  [ucrtbase.dll+0x29363]
C  [KERNEL32.DLL+0x1257d]
C  [ntdll.dll+0x5aa58]


---------------  P R O C E S S  ---------------

Threads class SMR info:
_java_thread_list=0x00007ff913e94e98, length=0, elements={
}

Java Threads: ( => current thread )

Other Threads:
  0x0000016a1a6975f0 GCTaskThread "GC Thread#0" [stack: 0x00000018d4800000,0x00000018d4900000] [id=25100]
  0x0000016a1a6a86e0 ConcurrentGCThread "G1 Main Marker" [stack: 0x00000018d4900000,0x00000018d4a00000] [id=32832]
  0x0000016a1a6a90f0 ConcurrentGCThread "G1 Conc#0" [stack: 0x00000018d4a00000,0x00000018d4b00000] [id=8520]

[error occurred during error reporting (printing all threads), id 0xc0000005, EXCEPTION_ACCESS_VIOLATION (0xc0000005) at pc=0x00007ff91366beb7]

VM state: not at safepoint (not fully initialized)

VM Mutex/Monitor currently owned by a thread:  ([mutex/lock_event])
[0x0000016a1a627920] Heap_lock - owner thread: 0x0000016a1a62a700

Heap address: 0x0000000705e00000, size: 4002 MB, Compressed Oops mode: Zero based, Oop shift amount: 3

CDS archive(s) mapped at: [0x0000000000000000-0x0000000000000000-0x0000000000000000), size 0, SharedBaseAddress: 0x0000000800000000, ArchiveRelocationMode: 0.
Narrow klass base: 0x0000000000000000, Narrow klass shift: 0, Narrow klass range: 0x0

GC Precious Log:
<Empty>

Heap:
 garbage-first heap   total 0K, used 0K [0x0000000705e00000, 0x0000000800000000)
  region size 2048K, 0 young (0K), 0 survivors (0K)

[error occurred during error reporting (printing heap information), id 0xc0000005, EXCEPTION_ACCESS_VIOLATION (0xc0000005) at pc=0x00007ff913a506b9]

GC Heap History (0 events):
No events

Deoptimization events (0 events):
No events

Classes unloaded (0 events):
No events

Classes redefined (0 events):
No events

Internal exceptions (0 events):
No events

VM Operations (0 events):
No events

Events (1 events):
Event: 0.008 Loaded shared library C:\Users\qarma\.p2\pool\plugins\org.eclipse.justj.openjdk.hotspot.jre.full.win32.x86_64_17.0.4.v20220805-1047\jre\bin\java.dll


Dynamic libraries:
0x00007ff705930000 - 0x00007ff70593e000 	C:\Users\qarma\.p2\pool\plugins\org.eclipse.justj.openjdk.hotspot.jre.full.win32.x86_64_17.0.4.v20220805-1047\jre\bin\javaw.exe
0x00007ff94b2f0000 - 0x00007ff94b507000 	C:\WINDOWS\SYSTEM32\ntdll.dll
0x00007ff94a550000 - 0x00007ff94a614000 	C:\WINDOWS\System32\KERNEL32.DLL
0x00007ff948660000 - 0x00007ff948a06000 	C:\WINDOWS\System32\KERNELBASE.dll
0x00007ff948ba0000 - 0x00007ff948cb1000 	C:\WINDOWS\System32\ucrtbase.dll
0x00007ff91d350000 - 0x00007ff91d368000 	C:\Users\qarma\.p2\pool\plugins\org.eclipse.justj.openjdk.hotspot.jre.full.win32.x86_64_17.0.4.v20220805-1047\jre\bin\jli.dll
0x00007ff91d370000 - 0x00007ff91d389000 	C:\Users\qarma\.p2\pool\plugins\org.eclipse.justj.openjdk.hotspot.jre.full.win32.x86_64_17.0.4.v20220805-1047\jre\bin\VCRUNTIME140.dll
0x00007ff94a690000 - 0x00007ff94a83e000 	C:\WINDOWS\System32\USER32.dll
0x00007ff93a6a0000 - 0x00007ff93a933000 	C:\WINDOWS\WinSxS\amd64_microsoft.windows.common-controls_6595b64144ccf1df_6.0.22621.2506_none_270c5ae97388e100\COMCTL32.dll
0x00007ff948b70000 - 0x00007ff948b96000 	C:\WINDOWS\System32\win32u.dll
0x00007ff949040000 - 0x00007ff949069000 	C:\WINDOWS\System32\GDI32.dll
0x00007ff948cc0000 - 0x00007ff948dd8000 	C:\WINDOWS\System32\gdi32full.dll
0x00007ff948ad0000 - 0x00007ff948b6a000 	C:\WINDOWS\System32\msvcp_win.dll
0x00007ff94afa0000 - 0x00007ff94b047000 	C:\WINDOWS\System32\msvcrt.dll
0x00007ff949b70000 - 0x00007ff949ba1000 	C:\WINDOWS\System32\IMM32.DLL
0x00007ff921230000 - 0x00007ff92123c000 	C:\Users\qarma\.p2\pool\plugins\org.eclipse.justj.openjdk.hotspot.jre.full.win32.x86_64_17.0.4.v20220805-1047\jre\bin\vcruntime140_1.dll
0x00007ff8f61a0000 - 0x00007ff8f6231000 	C:\Users\qarma\.p2\pool\plugins\org.eclipse.justj.openjdk.hotspot.jre.full.win32.x86_64_17.0.4.v20220805-1047\jre\bin\msvcp140.dll
0x00007ff913380000 - 0x00007ff913fc6000 	C:\Users\qarma\.p2\pool\plugins\org.eclipse.justj.openjdk.hotspot.jre.full.win32.x86_64_17.0.4.v20220805-1047\jre\bin\server\jvm.dll
0x00007ff94b050000 - 0x00007ff94b101000 	C:\WINDOWS\System32\ADVAPI32.dll
0x00007ff94a420000 - 0x00007ff94a4c5000 	C:\WINDOWS\System32\sechost.dll
0x00007ff94b180000 - 0x00007ff94b297000 	C:\WINDOWS\System32\RPCRT4.dll
0x00007ff94af90000 - 0x00007ff94af98000 	C:\WINDOWS\System32\PSAPI.DLL
0x00007ff943910000 - 0x00007ff943919000 	C:\WINDOWS\SYSTEM32\WSOCK32.dll
0x00007ff93fbe0000 - 0x00007ff93fc14000 	C:\WINDOWS\SYSTEM32\WINMM.dll
0x00007ff94a4d0000 - 0x00007ff94a541000 	C:\WINDOWS\System32\WS2_32.dll
0x00007ff939940000 - 0x00007ff93994a000 	C:\WINDOWS\SYSTEM32\VERSION.dll
0x00007ff947720000 - 0x00007ff947738000 	C:\WINDOWS\SYSTEM32\kernel.appcore.dll
0x00007ff943900000 - 0x00007ff94390a000 	C:\Users\qarma\.p2\pool\plugins\org.eclipse.justj.openjdk.hotspot.jre.full.win32.x86_64_17.0.4.v20220805-1047\jre\bin\jimage.dll
0x00007ff9441c0000 - 0x00007ff9443f3000 	C:\WINDOWS\SYSTEM32\DBGHELP.DLL
0x00007ff94a030000 - 0x00007ff94a3b9000 	C:\WINDOWS\System32\combase.dll
0x00007ff949a90000 - 0x00007ff949b67000 	C:\WINDOWS\System32\OLEAUT32.dll
0x00007ff935330000 - 0x00007ff935362000 	C:\WINDOWS\SYSTEM32\dbgcore.DLL
0x00007ff948fc0000 - 0x00007ff94903a000 	C:\WINDOWS\System32\bcryptPrimitives.dll
0x00007ff932ea0000 - 0x00007ff932ec5000 	C:\Users\qarma\.p2\pool\plugins\org.eclipse.justj.openjdk.hotspot.jre.full.win32.x86_64_17.0.4.v20220805-1047\jre\bin\java.dll

dbghelp: loaded successfully - version: 4.0.5 - missing functions: none
symbol engine: initialized successfully - sym options: 0x614 - pdb path: .;C:\Users\qarma\.p2\pool\plugins\org.eclipse.justj.openjdk.hotspot.jre.full.win32.x86_64_17.0.4.v20220805-1047\jre\bin;C:\WINDOWS\SYSTEM32;C:\WINDOWS\WinSxS\amd64_microsoft.windows.common-controls_6595b64144ccf1df_6.0.22621.2506_none_270c5ae97388e100;C:\Users\qarma\.p2\pool\plugins\org.eclipse.justj.openjdk.hotspot.jre.full.win32.x86_64_17.0.4.v20220805-1047\jre\bin\server

VM Arguments:
jvm_args: -Dfile.encoding=UTF-8 -XX:+ShowCodeDetailsInExceptionMessages 
java_command: Main
java_class_path (initial): C:\Users\qarma\eclipse-workspace\OS\bin
Launcher Type: SUN_STANDARD

[Global flags]
     intx CICompilerCount                          = 4                                         {product} {ergonomic}
     uint ConcGCThreads                            = 2                                         {product} {ergonomic}
     uint G1ConcRefinementThreads                  = 8                                         {product} {ergonomic}
   size_t G1HeapRegionSize                         = 2097152                                   {product} {ergonomic}
    uintx GCDrainStackTargetSize                   = 64                                        {product} {ergonomic}
   size_t InitialHeapSize                          = 264241152                                 {product} {ergonomic}
   size_t MarkStackSize                            = 4194304                                   {product} {ergonomic}
   size_t MaxHeapSize                              = 4196401152                                {product} {ergonomic}
   size_t MinHeapDeltaBytes                        = 2097152                                   {product} {ergonomic}
   size_t MinHeapSize                              = 8388608                                   {product} {ergonomic}
    uintx NonNMethodCodeHeapSize                   = 5839372                                {pd product} {ergonomic}
    uintx NonProfiledCodeHeapSize                  = 122909434                              {pd product} {ergonomic}
    uintx ProfiledCodeHeapSize                     = 122909434                              {pd product} {ergonomic}
    uintx ReservedCodeCacheSize                    = 251658240                              {pd product} {ergonomic}
     bool SegmentedCodeCache                       = true                                      {product} {ergonomic}
     bool ShowCodeDetailsInExceptionMessages       = true                                   {manageable} {command line}
   size_t SoftMaxHeapSize                          = 4196401152                             {manageable} {ergonomic}
     bool UseCompressedClassPointers               = true                           {product lp64_product} {ergonomic}
     bool UseCompressedOops                        = true                           {product lp64_product} {ergonomic}
     bool UseG1GC                                  = true                                      {product} {ergonomic}
     bool UseLargePagesIndividualAllocation        = false                                  {pd product} {ergonomic}

Logging:
Log output configuration:
 #0: stdout all=warning uptime,level,tags
 #1: stderr all=off uptime,level,tags

Environment Variables:
PATH=C:/Users/qarma/.p2/pool/plugins/org.eclipse.justj.openjdk.hotspot.jre.full.win32.x86_64_17.0.4.v20220805-1047/jre/bin/server;C:/Users/qarma/.p2/pool/plugins/org.eclipse.justj.openjdk.hotspot.jre.full.win32.x86_64_17.0.4.v20220805-1047/jre/bin;C:\Program Files\Common Files\Oracle\Java\javapath;C:\Program Files (x86)\Common Files\Oracle\Java\javapath;C:\WINDOWS\system32;C:\WINDOWS;C:\WINDOWS\System32\Wbem;C:\WINDOWS\System32\WindowsPowerShell\v1.0\;C:\WINDOWS\System32\OpenSSH\;c:\altera\90\quartus\bin;C:\Aldec\Active-HDL-Student-Edition\bin;C:\Program Files\PowerShell\7\;C:\Program Files\Git\cmd;C:\Users\qarma\AppData\Local\Microsoft\WindowsApps;;C:\Users\qarma\AppData\Local\Programs\Microsoft VS Code\bin;C:\Users\qarma\AppData\Local\JetBrains\IntelliJ IDEA 2022.1.3\bin;;C:\Program Files\JetBrains\PyCharm 2023.2.5\bin;;C:\Users\qarma\OneDrive\Desktop;
USERNAME=qarma
OS=Windows_NT
PROCESSOR_IDENTIFIER=Intel64 Family 6 Model 140 Stepping 1, GenuineIntel
TMP=C:\Users\qarma\AppData\Local\Temp
TEMP=C:\Users\qarma\AppData\Local\Temp



---------------  S Y S T E M  ---------------

OS:
 Windows 11 , 64 bit Build 22621 (10.0.22621.2506)
OS uptime: 4 days 23:29 hours
Hyper-V role detected

CPU: total 8 (initial active 8) (4 cores per cpu, 2 threads per core) family 6 model 140 stepping 1 microcode 0x60, cx8, cmov, fxsr, ht, mmx, 3dnowpref, sse, sse2, sse3, ssse3, sse4.1, sse4.2, popcnt, lzcnt, tsc, tscinvbit, avx, avx2, aes, erms, clmul, bmi1, bmi2, adx, avx512f, avx512dq, avx512cd, avx512bw, avx512vl, sha, fma, vzeroupper, avx512_vpopcntdq, avx512_vpclmulqdq, avx512_vaes, avx512_vnni, clflush, clflushopt, clwb, avx512_vbmi2, avx512_vbmi, hv

Memory: 4k page, system-wide physical 16005M (3614M free)
TotalPageFile size 65157M (AvailPageFile size 50M)
current process WorkingSet (physical memory assigned to process): 11M, peak: 11M
current process commit charge ("private bytes"): 60M, peak: 312M

vm_info: OpenJDK 64-Bit Server VM (17.0.4+8) for windows-amd64 JRE (17.0.4+8), built on Jul 19 2022 16:05:16 by "temurin" with MS VC++ 16.7 (VS2019)

END.
